d:\downloads\subject - copy\hki 2\ctdl gt\btnehihji\doancuoikivss\doancuoikivss\x64\debug\vc143.pdb
d:\downloads\subject - copy\hki 2\ctdl gt\btnehihji\doancuoikivss\doancuoikivss\x64\debug\vc143.idb
d:\downloads\subject - copy\hki 2\ctdl gt\btnehihji\doancuoikivss\doancuoikivss\x64\debug\source.obj
d:\downloads\subject - copy\hki 2\ctdl gt\btnehihji\doancuoikivss\doancuoikivss\x64\debug\vid.obj
d:\downloads\subject - copy\hki 2\ctdl gt\btnehihji\doancuoikivss\x64\debug\doancuoikivss.exe
d:\downloads\subject - copy\hki 2\ctdl gt\btnehihji\doancuoikivss\doancuoikivss\x64\debug\doancuoikivss.ilk
d:\downloads\subject - copy\hki 2\ctdl gt\btnehihji\doancuoikivss\x64\debug\doancuoikivss.pdb
d:\downloads\subject - copy\hki 2\ctdl gt\btnehihji\doancuoikivss\doancuoikivss\x64\debug\avltree.obj
d:\downloads\subject - copy\hki 2\ctdl gt\btnehihji\doancuoikivss\doancuoikivss\x64\debug\tesst.obj
d:\downloads\subject - copy\hki 2\ctdl gt\btnehihji\doancuoikivss\doancuoikivss\x64\debug\vd.obj
d:\downloads\subject - copy\hki 2\ctdl gt\btnehihji\doancuoikivss\doancuoikivss\x64\debug\avltree.obj.enc
d:\downloads\subject - copy\hki 2\ctdl gt\btnehihji\doancuoikivss\doancuoikivss\x64\debug\source.obj.enc
d:\downloads\subject - copy\hki 2\ctdl gt\btnehihji\doancuoikivss\doancuoikivss\x64\debug\tesst.obj.enc
d:\downloads\subject - copy\hki 2\ctdl gt\btnehihji\doancuoikivss\doancuoikivss\x64\debug\vd.obj.enc
d:\downloads\subject - copy\hki 2\ctdl gt\btnehihji\doancuoikivss\doancuoikivss\x64\debug\vid.obj.enc
d:\downloads\subject - copy\hki 2\ctdl gt\btnehihji\doancuoikivss\doancuoikivss\x64\debug\doancuoikivss.tlog\cl.command.1.tlog
d:\downloads\subject - copy\hki 2\ctdl gt\btnehihji\doancuoikivss\doancuoikivss\x64\debug\doancuoikivss.tlog\cl.read.1.tlog
d:\downloads\subject - copy\hki 2\ctdl gt\btnehihji\doancuoikivss\doancuoikivss\x64\debug\doancuoikivss.tlog\cl.write.1.tlog
d:\downloads\subject - copy\hki 2\ctdl gt\btnehihji\doancuoikivss\doancuoikivss\x64\debug\doancuoikivss.tlog\link.command.1.tlog
d:\downloads\subject - copy\hki 2\ctdl gt\btnehihji\doancuoikivss\doancuoikivss\x64\debug\doancuoikivss.tlog\link.read.1.tlog
d:\downloads\subject - copy\hki 2\ctdl gt\btnehihji\doancuoikivss\doancuoikivss\x64\debug\doancuoikivss.tlog\link.write.1.tlog
